[   15309ms] [WARNING] Mixed Content: The page at 'https://item.gmarket.co.kr/Item?goodscode=2752723958' was loaded over HTTPS, but requested an insecure element 'http://image.gmarket.co.kr/service_image/2026/02/27/20260227170944429354_0_0.jpg'. This request was automatically upgraded to HTTPS, For more information see https://blog.chromium.org/2019/10/no-more-mixed-messages-about-https.html @ https://item.gmarket.co.kr/Item?goodscode=2752723958:0
[   15310ms] [WARNING] Mixed Content: The page at 'https://item.gmarket.co.kr/Item?goodscode=2752723958' was loaded over HTTPS, but requested an insecure element 'http://image.gmarket.co.kr/service_image/2026/02/27/20260227150654263738_0_0.jpg'. This request was automatically upgraded to HTTPS, For more information see https://blog.chromium.org/2019/10/no-more-mixed-messages-about-https.html @ https://item.gmarket.co.kr/Item?goodscode=2752723958:0
[   15462ms] Uncaught TypeError: First argument must be a String, HTMLElement, HTMLCollection, or NodeList
    at o (https://script.gmarket.co.kr/js/itemdweb/lib/clipboard.min.js:6:2536)
    at e (https://script.gmarket.co.kr/js/itemdweb/lib/clipboard.min.js:6:10940)
    at t (https://script.gmarket.co.kr/js/itemdweb/lib/clipboard.min.js:6:10458)
    at <anonymous> (https://item.gmarket.co.kr/Item?goodscode=2752723958:415:19)
[   15470ms] [WARNING] Mixed Content: The page at 'https://item.gmarket.co.kr/Item?goodscode=2752723958' was loaded over HTTPS, but requested an insecure element 'http://pics.gmarket.co.kr/mobile/single/kr/common/image__arrival-shipping.png'. This request was automatically upgraded to HTTPS, For more information see https://blog.chromium.org/2019/10/no-more-mixed-messages-about-https.html @ https://item.gmarket.co.kr/Item?goodscode=2752723958:1101
[   15514ms] [WARNING] Mixed Content: The page at 'https://item.gmarket.co.kr/Item?goodscode=2752723958' was loaded over HTTPS, but requested an insecure element 'http://image.gmarket.co.kr/service_image/2026/02/27/20260227170944429354_0_0.jpg'. This request was automatically upgraded to HTTPS, For more information see https://blog.chromium.org/2019/10/no-more-mixed-messages-about-https.html @ https://item.gmarket.co.kr/Item?goodscode=2752723958:2182
[   15514ms] [WARNING] Mixed Content: The page at 'https://item.gmarket.co.kr/Item?goodscode=2752723958' was loaded over HTTPS, but requested an insecure element 'http://image.gmarket.co.kr/service_image/2026/02/27/20260227150654263738_0_0.jpg'. This request was automatically upgraded to HTTPS, For more information see https://blog.chromium.org/2019/10/no-more-mixed-messages-about-https.html @ https://item.gmarket.co.kr/Item?goodscode=2752723958:2182
[   16483ms] [WARNING] Mixed Content: The page at 'https://item.gmarket.co.kr/Item?goodscode=2752723958' was loaded over HTTPS, but requested an insecure element 'http://pics.gmarket.co.kr/pc/single/kr/stardelivery/logo_stardelivery.png'. This request was automatically upgraded to HTTPS, For more information see https://blog.chromium.org/2019/10/no-more-mixed-messages-about-https.html @ https://item.gmarket.co.kr/Item?goodscode=2752723958:0
[   16767ms] [ERROR] Attestation check for Attribution Reporting on https://www.google-analytics.com failed. @ https://item.gmarket.co.kr/Item?goodscode=2752723958:0
[   16776ms] [WARNING] Mixed Content: The page at 'https://item.gmarket.co.kr/Item?goodscode=2752723958' was loaded over HTTPS, but requested an insecure element 'http://bampic.gmarket.co.kr/v1/958/723/2752723958/00563/2752723958434647556300.jpg'. This request was automatically upgraded to HTTPS, For more information see https://blog.chromium.org/2019/10/no-more-mixed-messages-about-https.html @ https://item.gmarket.co.kr/Item?goodscode=2752723958:0
[   16777ms] [WARNING] Mixed Content: The page at 'https://item.gmarket.co.kr/Item?goodscode=2752723958' was loaded over HTTPS, but requested an insecure element 'http://bampic.gmarket.co.kr/v1/958/723/2752723958/00367/2752723958435664036700.jpg'. This request was automatically upgraded to HTTPS, For more information see https://blog.chromium.org/2019/10/no-more-mixed-messages-about-https.html @ https://item.gmarket.co.kr/Item?goodscode=2752723958:0
[   16777ms] [WARNING] Mixed Content: The page at 'https://item.gmarket.co.kr/Item?goodscode=2752723958' was loaded over HTTPS, but requested an insecure element 'http://bampic.gmarket.co.kr/v1/958/723/2752723958/00919/2752723958435212491900.jpg'. This request was automatically upgraded to HTTPS, For more information see https://blog.chromium.org/2019/10/no-more-mixed-messages-about-https.html @ https://item.gmarket.co.kr/Item?goodscode=2752723958:0
[   16777ms] [WARNING] Mixed Content: The page at 'https://item.gmarket.co.kr/Item?goodscode=2752723958' was loaded over HTTPS, but requested an insecure element 'http://bampic.gmarket.co.kr/v1/958/723/2752723958/00602/2752723958435127360200.jpg'. This request was automatically upgraded to HTTPS, For more information see https://blog.chromium.org/2019/10/no-more-mixed-messages-about-https.html @ https://item.gmarket.co.kr/Item?goodscode=2752723958:0
[   16777ms] [WARNING] Mixed Content: The page at 'https://item.gmarket.co.kr/Item?goodscode=2752723958' was loaded over HTTPS, but requested an insecure element 'http://bampic.gmarket.co.kr/v1/958/723/2752723958/00904/2752723958435145590400.jpg'. This request was automatically upgraded to HTTPS, For more information see https://blog.chromium.org/2019/10/no-more-mixed-messages-about-https.html @ https://item.gmarket.co.kr/Item?goodscode=2752723958:0
[   16900ms] [WARNING] Mixed Content: The page at 'https://item.gmarket.co.kr/Item?goodscode=2752723958' was loaded over HTTPS, but requested an insecure element 'http://ats-v2.gmarket.co.kr/ra/imp?r=fnB0WTZWZ01yVVJmZnJrSzArbUp4YWlqL0ZmUlFsWFdaQXlnc1Bzd21WYmpEQTY4eTJQWWRJc2VZekJDUS91NEE2TGlzTG5HTXdHdGczemFjd3hWNk5wK0dlR0xHQkZEMnM5MjZ5N0lBOFFhVnJjcFJjUDhDRStDMlVaRFl6OHp6Rml5SjFmL0tiV1dtQ2IrOTdnWjEydDZLYXlrZ25qMVNVQm5qYnB3NlRaNURVS2dxamFjTFp6QWF2T080TVhnUkJ2bnpBM1pUd1k3ZVY0TU96VzlPcGdoUnlPb3RNUHN2RHF0OHE1WnlXQjE1U2MyMHVpcGhTZFNFMmV5ajBPdXczcDRqNnpBQTlQL2JEN2hPcjhoS0IxUkw5ZUdyU04yam4zWllpNElWdzRSQ2Z5OWp2VXNpR1BkdU9aRVpzOTJqd3hFZ21JdkR1N2dsR0p5dk5BeUtyd3hoaU1rUFBsRCs2aF...b05FejU3VGUycysrVkZmMWw4VVJNZGJSejMzNExVVXo1RG5admhGMWNISVh2ZXkwNXpCREpDbUtvTytaRHFOMFdWd1kwb1Fjc1BFNXRvWjJ6ZXpoSkZ0YSt3QUFRUnhVQkhiL2JoMW90WHI3endWRG1BZzB2TGhibGlUb2NKQW11VlVZS1M3OElqeEptamxWeTd3WkhMNmR1SURUNThHblJOd2dSYmoyNU85U251UjA5bnRQQ01oYkNjVE1jcFovZGl6RVd3VVpVb0luQ1BwNlR2TGp0ak4xWlpoVDBrc3pwdzlLSlh4K2VsamtRK21WU25obkVQT05OWU4yUmp5dzVGcFZCU0VQcW1LcU1uRVBZelNFOTZjQWRQS3VTNVc3VFBrVmtrR3kxRnhLRUNxcUlvajRic1c0RnB3Zz09&rn=b676088e1cd04f10adf2e211e5dadf67&pagePos=0&pageIndex=0&pageSize=30&listno=0&rs=573'. This request was automatically upgraded to HTTPS, For more information see https://blog.chromium.org/2019/10/no-more-mixed-messages-about-https.html @ https://item.gmarket.co.kr/Item?goodscode=2752723958:0
[   16900ms] [WARNING] Mixed Content: The page at 'https://item.gmarket.co.kr/Item?goodscode=2752723958' was loaded over HTTPS, but requested an insecure element 'http://ats-v2.gmarket.co.kr/ra/imp?r=fnB0WTZWZ01yVVJmZnJrSzArbUp4YWlqL0ZmUlFsWFdaQXlnc1Bzd21WYmpEQTY4eTJQWWRJc2VZekJDUS91NEFpVlMrS3hQUit0NXpsU2N0RE9tL0Ztb2lWTU5VR2V5WmtyTHJKMk4rTWY5QnVnek1SaUhDZ0ptQTRrZ0NsSmFFNzU0cWFmcmk3YnlYcUxJcFVkVVBzdCt2MG5rV3lmaWRsTW80STBBckd6d3g1N0RNT0lDQ0FmbkNPNFM5ajVCbysxblQ1SWNKVkRkbzRHOEFER3BOeHpTUzVBOXM3QjdFUTBWaTVwOXIrZGJ0RHRPc2ZLWW1IaG1PbTUvd3VLcGRaMGh6bmIzYVpGY1JxQ0VVV3JMUUozWXU2MnNDWWE0V28zcW5TUmtFZWdGenhMZ0lGYWZzQUhEWmtIcWRiMkVPa0N6clBjMEU2V1hVVEdFL2E5VXl0SnMxZlh5aHBXenpZbn...VhNDZtOW42N3lNcUZhU3hTb3NSNVZ5WmkvZ2REbjUzMFBiVFZSK2ttR24rQTMvNDQ4Z1Q4YXZVdlliVWlFemxLMnNkUitpUEZjWElUMCtSakNKb3Y3MVloQ1BYQTRaWlE1YVNaeGJuOUdhN3BZODhZNGNOMmE0ajEwS3FGRHlScEVFSHFPdGkvR1JWb1RBZklXRzJta1JFU1RsWDdSbjlNOW9kdUdrektTRE1OemFQbTZxQk1tK1d5TDhoN0FFRE1uRkVPNEFOU3YwRnRvd3NJckFSNWpGdytyakg0WmRhWDhhYjZtUDJnZXNKMDJkK2MzWld6bS85T1hWbEtGazNNcmdRQnVUNWJHWGl1dkk4MjQ3TUJzckg1L0tIL1pGUVpOMEFtSS96dExQTm1HVFNNY1RzRXp2SXFyaDdIQT09&rn=b676088e1cd04f10adf2e211e5dadf67&pagePos=1&pageIndex=0&pageSize=30&listno=1&rs=7'. This request was automatically upgraded to HTTPS, For more information see https://blog.chromium.org/2019/10/no-more-mixed-messages-about-https.html @ https://item.gmarket.co.kr/Item?goodscode=2752723958:0
[   16900ms] [WARNING] Mixed Content: The page at 'https://item.gmarket.co.kr/Item?goodscode=2752723958' was loaded over HTTPS, but requested an insecure element 'http://ats-v2.gmarket.co.kr/ra/imp?r=fnB0WTZWZ01yVVJmZnJrSzArbUp4YWlqL0ZmUlFsWFdaQXlnc1Bzd21WYmpEQTY4eTJQWWRJc2VZekJDUS91NEE0VW9oMWNkcXVjWTVyc0lpZjZMYzVRNER2eTRiVldla3VJNVdSMXNGSy9DS0ZNVUxRMzRNZ2pORXlyWW1tZzF2dGFYQWR4N0NoaXJQalo3QmNla3kvNmZ6bDNzY0tZNTlrQzNXUkFoLzdqa0hKSFJxOEh2OStFWmk3aW1iU1RWUEVhVFlmRitRVkMzclIzWW1LU3A1SG5kNGJzQzNFNlB1V3hLK3dpazM4cHdoNnBPYTNxM05TbGhnZmNBMG9zbGlQRy9YNXRMZVJMYTh6QnBzeDFaRUVwbEhZU1ZxU0phYWpCWFVmVzI4bEYvd3E4cWU3Q1ZGbUU4T2RPVmlOY1EwaGZrUytUbVVheXgxSmhFM3N5aDNoQ3BuSnRoZ05NbWVmTl...NkdickhPWFF2RTBTSTY5NGl5WGJrTEFTWEp4TG5aZWZjR3RNNVpkSzNYZnlwS2t5R2tBdXB6QnExWU00d1JJKzd0S21HOGJLWnRKL3kwU2xkNEpvT2ppRDlDam1wMUo3cjhGeTN3S3F2OStyV004ZGdWVE96aCs0cmhmUTN6bGtQYmNmWHNQTkFYdkFENlBEczBFdWFFK0Z4Mm5nNndpbEdMbEoyUHdQVk5oTWIwcnNWUzNWNnhNVnExTEpNendjMEl2eGRpUWxqQitNekVOOVRzT3dJQmVWQ3BLVWMvbk4veXFvQUxPelMrVE9CMGNIaTJsZzlNdHc4bURJa29FcW5MR09VWGVCZTBvVFZMRUtzRUdVcytFaFlIM2R5bGVOZUM2YTdWYUVLZ1UxQzdMcHM3dUVBZy9GczFHQT09&rn=b676088e1cd04f10adf2e211e5dadf67&pagePos=2&pageIndex=0&pageSize=30&listno=2&rs=989'. This request was automatically upgraded to HTTPS, For more information see https://blog.chromium.org/2019/10/no-more-mixed-messages-about-https.html @ https://item.gmarket.co.kr/Item?goodscode=2752723958:0
[   17215ms] [ERROR] Attestation check for Attribution Reporting on https://www.facebook.com failed. @ https://item.gmarket.co.kr/Item?goodscode=2752723958:0
[   17398ms] [ERROR] Failed to load resource: the server responded with a status of 403 () @ https://cm.g.doubleclick.net/pixel?google_nid=enliple_tw&google_hm=X3xffGNlZWQ2YjBjMzllYTViZmMtZjhhZDJiNDE5Y2NiYmJiMjI3LTdhNTA=:0
[   17760ms] [ERROR] Failed to load resource: net::ERR_BLOCKED_BY_RESPONSE.NotSameOriginAfterDefaultedToSameOriginByCoep @ https://act.ds.kakao.com/match?d=101&uid=k-KBvXAgnnIS75s3O3JaRoBkaqOCDnfYrZxlV8qA:0
[   17760ms] [ERROR] Failed to load resource: net::ERR_BLOCKED_BY_RESPONSE.NotSameOriginAfterDefaultedToSameOriginByCoep @ https://x.bidswitch.net/sync?dsp_id=46&user_id=k-fqXBJQnnIS75s3O3JaRoBkaqOCDTfgG_tSOrIA&expires=30:0
[   17760ms] [ERROR] Failed to load resource: net::ERR_BLOCKED_BY_RESPONSE.NotSameOriginAfterDefaultedToSameOriginByCoep @ https://c.bing.com/c.gif?Red3=CTOMS_pd&cbid=k-jf3IGwnnIS75s3O3JaRoBkaqOCBUkagHYM_Ieg:0
[   17768ms] [ERROR] Failed to load resource: net::ERR_BLOCKED_BY_RESPONSE.NotSameOriginAfterDefaultedToSameOriginByCoep @ https://gum.criteo.com/sync?c=9&r=1&a=1&u=https%3A%2F%2Faa.agkn.com%2Fadscores%2Fg.pixel%3Fsid%3D9212273938%26ct%3D%40USERID%40:0
[   17773ms] [ERROR] Failed to load resource: net::ERR_BLOCKED_BY_RESPONSE.NotSameOriginAfterDefaultedToSameOriginByCoep @ https://ad.tpmn.co.kr/pixelCt.tpmn?tpmn_nid=26a681017b4fdc02f3aef3aa921ede3e&tpmn_buid=k-kmdgAwnnIS75s3O3JaRoBkaqOCA4GoAjf7Ln2Q:0
[   17776ms] [ERROR] Failed to load resource: net::ERR_BLOCKED_BY_RESPONSE.NotSameOriginAfterDefaultedToSameOriginByCoep @ https://r.casalemedia.com/rum?cm_dsp_id=20&external_user_id=k-SwDcZgnnIS75s3O3JaRoBkaqOCDdgEkPXRsuMA:0
[   17777ms] [ERROR] Failed to load resource: net::ERR_BLOCKED_BY_RESPONSE.NotSameOriginAfterDefaultedToSameOriginByCoep @ https://cm.meba.kr/cm.mezzo/?buyerid=k-eAhNEwnnIS75s3O3JaRoBkaqOCA_9FqK5TwOHA&partnerkey=criteo:0
[   17793ms] [ERROR] Failed to load resource: net::ERR_BLOCKED_BY_RESPONSE.NotSameOriginAfterDefaultedToSameOriginByCoep @ https://criteo-sync.teads.tv/um?eid=80&uid=k-J_fY-gnnIS75s3O3JaRoBkaqOCBXXcs6cnUDkA:0
[   17797ms] [ERROR] Failed to load resource: net::ERR_BLOCKED_BY_RESPONSE.NotSameOriginAfterDefaultedToSameOriginByCoep @ https://simage4.pubmatic.com/AdServer/SPug?partnerID=167352&partnerUID=uid:k-huW-gAnnIS75s3O3JaRoBkaqOCCu3nkBifILPA:0
[   17820ms] [ERROR] Failed to load resource: net::ERR_BLOCKED_BY_RESPONSE.NotSameOriginAfterDefaultedToSameOriginByCoep @ https://simage2.pubmatic.com/AdServer/Pug?vcode=bz0yJnR5cGU9MSZjb2RlPTE5MjgmdGw9NDMyMDA=&piggybackCookie=uid:k-huW-gAnnIS75s3O3JaRoBkaqOCCu3nkBifILPA:0
[   17835ms] [ERROR] Failed to load resource: net::ERR_BLOCKED_BY_RESPONSE.NotSameOriginAfterDefaultedToSameOriginByCoep @ https://eb2.3lift.com/xuid?mid=2711&xuid=k-7UxwuQnnIS75s3O3JaRoBkaqOCC1qw2vpATSFQ&dongle=013b:0
[   17871ms] [ERROR] Failed to load resource: net::ERR_BLOCKED_BY_RESPONSE.NotSameOriginAfterDefaultedToSameOriginByCoep @ https://cs.media.net/cksync.php?cs=3&type=crt&ovsid=k-ly_kDAnnIS75s3O3JaRoBkaqOCCZqCSjt-wtcw:0
[   17908ms] [ERROR] Failed to load resource: net::ERR_BLOCKED_BY_RESPONSE.NotSameOriginAfterDefaultedToSameOriginByCoep @ https://ade.clmbtech.com/uid/sync.htm?pid=13079&cuid=k-CT0-eQnnIS75s3O3JaRoBkaqOCB0PzYwa5fwuA:0
[   17927ms] [ERROR] Failed to load resource: net::ERR_BLOCKED_BY_RESPONSE.NotSameOriginAfterDefaultedToSameOriginByCoep @ https://idsync.rlcdn.com/362338.gif?partner_uid=k-ufLhbgnnIS75s3O3JaRoBkaqOCD4pZwhDlHnYQ:0
[   18007ms] [ERROR] Failed to load resource: net::ERR_BLOCKED_BY_RESPONSE.NotSameOriginAfterDefaultedToSameOriginByCoep @ https://ib.adnxs.com/getuid?https://dis.criteo.com/dis/rtb/appnexus/cookiematch.aspx?appnxsid=$UID:0
[   18010ms] [ERROR] Failed to load resource: net::ERR_BLOCKED_BY_RESPONSE.NotSameOriginAfterDefaultedToSameOriginByCoep @ https://sync.1rx.io/usersync/criteodsp/k-YlIObQnnIS75s3O3JaRoBkaqOCBSOE61_gp0dw:0
[   18046ms] [ERROR] Failed to load resource: net::ERR_BLOCKED_BY_RESPONSE.NotSameOriginAfterDefaultedToSameOriginByCoep @ https://ad.360yield.com/match?publisher_dsp_id=38&external_user_id=k-HK-DcQnnIS75s3O3JaRoBkaqOCBOM4cklYXkCg:0
[   18062ms] [ERROR] Failed to load resource: net::ERR_BLOCKED_BY_RESPONSE.NotSameOriginAfterDefaultedToSameOriginByCoep @ https://rtb-csync.smartadserver.com/redir/?partnerid=79&partneruserid=k-p9q5NwnnIS75s3O3JaRoBkaqOCCRQiU61OSGPw:0
[   18109ms] [ERROR] Failed to load resource: net::ERR_BLOCKED_BY_RESPONSE.NotSameOriginAfterDefaultedToSameOriginByCoep @ https://pixel.rubiconproject.com/tap.php?v=6434&nid=2149&put=k-OJtUugnnIS75s3O3JaRoBkaqOCAZmYvEoYyuXg&expires=30:0
[   18110ms] [ERROR] Failed to load resource: net::ERR_BLOCKED_BY_RESPONSE.NotSameOriginAfterDefaultedToSameOriginByCoep @ https://ib.adnxs.com/setuid?entity=52&code=k-8pDajgnnIS75s3O3JaRoBkaqOCBZukeZ_vXTFQ:0
[   18162ms] [ERROR] Failed to load resource: net::ERR_BLOCKED_BY_RESPONSE.NotSameOriginAfterDefaultedToSameOriginByCoep @ https://sync.outbrain.com/cookie-sync?p=criteo&uid=k--zoaQgnnIS75s3O3JaRoBkaqOCAp30_vUD4UjQ&initiator=partner:0
[   18231ms] [ERROR] Failed to load resource: net::ERR_BLOCKED_BY_RESPONSE.NotSameOriginAfterDefaultedToSameOriginByCoep @ https://tg.socdm.com/aux/idsync?proto=criteo&dsp_uid=k-sUmjXQnnIS75s3O3JaRoBkaqOCAEf28spe_5Bg:0
[   18309ms] [ERROR] Failed to load resource: net::ERR_BLOCKED_BY_RESPONSE.NotSameOriginAfterDefaultedToSameOriginByCoep @ https://sync-t1.taboola.com/sg/criteortb-network/1/rtb-h/?taboola_hm=k-6kJ9UAnnIS75s3O3JaRoBkaqOCAG2FoQiEMtRg:0
[   95102ms] [ERROR] Attestation check for Attribution Reporting on https://www.facebook.com failed. @ https://item.gmarket.co.kr/Item?goodscode=2752723958:0
[  104791ms] [ERROR] Attestation check for Attribution Reporting on https://www.facebook.com failed. @ https://item.gmarket.co.kr/Item?goodscode=2752723958:0
[  113739ms] [ERROR] Attestation check for Attribution Reporting on https://www.facebook.com failed. @ https://item.gmarket.co.kr/Item?goodscode=2752723958:0
[  121581ms] [ERROR] Attestation check for Attribution Reporting on https://www.facebook.com failed. @ https://item.gmarket.co.kr/Item?goodscode=2752723958:0
[  121876ms] [WARNING] document.domain mutation is ignored because the surrounding agent cluster is origin-keyed. @ https://checkout.gmarket.co.kr/ko/pc/checkout?chid=9120540127&spm=gmktpc.pdp.buyarea_buynow.d0:0
[  125161ms] [WARNING] Mixed Content: The page at 'https://checkout.gmarket.co.kr/ko/pc/checkout?chid=9120540127&spm=gmktpc.pdp.buyarea_buynow.d0#/' was loaded over HTTPS, but requested an insecure element 'http://gdimg.gmarket.co.kr/2752723958/still/160'. This request was automatically upgraded to HTTPS, For more information see https://blog.chromium.org/2019/10/no-more-mixed-messages-about-https.html @ https://checkout.gmarket.co.kr/ko/pc/checkout?chid=9120540127&spm=gmktpc.pdp.buyarea_buynow.d0#/:0
[  125171ms] [WARNING] Mixed Content: The page at 'https://checkout.gmarket.co.kr/ko/pc/checkout?chid=9120540127&spm=gmktpc.pdp.buyarea_buynow.d0#/' was loaded over HTTPS, but requested an insecure element 'http://gdimg.gmarket.co.kr/2752723958/still/160'. This request was automatically upgraded to HTTPS, For more information see https://blog.chromium.org/2019/10/no-more-mixed-messages-about-https.html @ https://checkout.gmarket.co.kr/ko/pc/checkout?chid=9120540127&spm=gmktpc.pdp.buyarea_buynow.d0#/:0
[  161241ms] [WARNING] The key "target-densitydpi" is not supported. @ https://mmyg.gmarket.co.kr/ShippingAddress/GetAddress?type=order&returnUrl=https%3A%2F%2Fcheckout.gmarket.co.kr%2Fserver%2Fko%2Fpc%2Fgateway%2F-%2Faddress-book%2Fsuccess&closeUrl=https%3A%2F%2Fcheckout.gmarket.co.kr%2Fserver%2Fko%2Fpc%2Fgateway%2F-%2Fclose&isSmileClub=Y&isRegionalShipping=Y:6
[  173102ms] [WARNING] The key "target-densitydpi" is not supported. @ https://mmyg.gmarket.co.kr/ShippingAddress/GetAddressDetail?addrNo=208916028&nationCode=KR&isRegionalShipping=Y&deliveryType=Default&type=Order&returnUrl=https%3A%2F%2Fmmyg.gmarket.co.kr%2FShippingAddress%2FGetAddress%3Ftype%3Dorder%26returnUrl%3Dhttps%253A%252F%252Fcheckout.gmarket.co.kr%252Fserver%252Fko%252Fpc%252Fgateway%252F-%252Faddress-book%252Fsuccess%26closeUrl%3Dhttps%253A%252F%252Fcheckout.gmarket.co.kr%252Fserver%252Fko%252Fpc%252Fgateway%252F-%252Fclose%26isSmileClub%3DY%26isRegionalShipping%3DY&closeUrl=https%3A%2F%2Fmmyg.gmarket.co.kr%2FShippingAddress%2FGetAddress%3Ftype%3Dorder%26returnUrl%3Dhttps%253A%252F%252Fcheckout.gmarket.co.kr%252Fserver%252Fko%252Fpc%252Fgateway%252F-%252Faddress-book%252Fsuccess%26closeUrl%3Dhttps%253A%252F%252Fcheckout.gmarket.co.kr%252Fserver%252Fko%252Fpc%252Fgateway%252F-%252Fclose%26isSmileClub%3DY%26isRegionalShipping%3DY:7
[  184965ms] [ERROR] Warning: A future version of React will block javascript: URLs as a security precaution. Use event handlers instead if you can. If you need to generate unsafe HTML try using dangerouslySetInnerHTML instead. React was passed %s.%s "javascript:" 
    in a (created by Address)
    in div (created by Address)
    in div (created by Address)
    in div (created by Address)
    in Address (created by withI18nextTranslation(Address))
    in withI18nextTranslation(Address) (created by Connect(withI18nextTranslation(Address)))
    in Connect(withI18nextTranslation(Address)) (created by Wrap)
    in div (created by Wrap)
    in div (created by Wrap)
    in Wrap (created by Connect(Wrap))
    in Connect(Wrap) (created by App)
    in div (created by App)
    in Provider (created by App)
    in App @ https://address.gmarket.com/bundle.js:62
[  184977ms] [WARNING] Warning: componentWillReceiveProps has been renamed, and is not recommended for use. See https://fb.me/react-unsafe-component-lifecycles for details.

* Move data fetching code or side effects to componentDidUpdate.
* If you're updating state whenever props change, refactor your code to use memoization techniques or move it to static getDerivedStateFromProps. Learn more at: https://fb.me/react-derived-state
* Rename componentWillReceiveProps to UNSAFE_componentWillReceiveProps to suppress this warning in non-strict mode. In React 17.x, only the UNSAFE_ name will work. To rename all deprecated lifecycles to their new names, you can run `npx react-codemod rename-unsafe-lifecycles` in your project source folder.

Please update the following components: %s Connect(MapComponent), Connect(Wrap), Connect(withI18nextTranslation(Address)), Provider @ https://address.gmarket.com/bundle.js:62
[  184977ms] [WARNING] Warning: componentWillUpdate has been renamed, and is not recommended for use. See https://fb.me/react-unsafe-component-lifecycles for details.

* Move data fetching code or side effects to componentDidUpdate.
* Rename componentWillUpdate to UNSAFE_componentWillUpdate to suppress this warning in non-strict mode. In React 17.x, only the UNSAFE_ name will work. To rename all deprecated lifecycles to their new names, you can run `npx react-codemod rename-unsafe-lifecycles` in your project source folder.

Please update the following components: %s Connect(MapComponent), Connect(Wrap), Connect(withI18nextTranslation(Address)) @ https://address.gmarket.com/bundle.js:62
[  210243ms] [ERROR] Warning: Function components cannot be given refs. Attempts to access this ref will fail. Did you mean to use React.forwardRef()?%s%s 

Check the render method of `SearchResultList`. 
    in withI18nextTranslation(SearchResultListItem) (created by SearchResultList)
    in ul (created by SearchResultList)
    in div (created by SearchResultList)
    in div (created by SearchResultList)
    in SearchResultList (created by withI18nextTranslation(SearchResultList))
    in withI18nextTranslation(SearchResultList) (created by Address)
    in div (created by Address)
    in Address (created by withI18nextTranslation(Address))
    in withI18nextTranslation(Address) (created by Connect(withI18nextTranslation(Address)))
    in Connect(withI18nextTranslation(Address)) (created by Wrap)
    in div (created by Wrap)
    in div (created by Wrap)
    in Wrap (created by Connect(Wrap))
    in Connect(Wrap) (created by App)
    in div (created by App)
    in Provider (created by App)
    in App @ https://address.gmarket.com/bundle.js:62
[  255207ms] [WARNING] The key "target-densitydpi" is not supported. @ https://mmyg.gmarket.co.kr/ShippingAddress/GetAddress?type=order&returnUrl=https%3A%2F%2Fcheckout.gmarket.co.kr%2Fserver%2Fko%2Fpc%2Fgateway%2F-%2Faddress-book%2Fsuccess&closeUrl=https%3A%2F%2Fcheckout.gmarket.co.kr%2Fserver%2Fko%2Fpc%2Fgateway%2F-%2Fclose&isSmileClub=Y&isRegionalShipping=Y:6
[  262981ms] [WARNING] document.domain mutation is ignored because the surrounding agent cluster is origin-keyed. @ https://checkout.gmarket.co.kr/server/ko/pc/gateway/-/close:40
[ 1137925ms] [WARNING] document.domain mutation is ignored because the surrounding agent cluster is origin-keyed. @ https://checkout.gmarket.co.kr/server/ko/pc/gateway/sp_34/close:40
[ 1138892ms] [WARNING] Mixed Content: The page at 'https://item.gmarket.co.kr/Item?goodscode=2752723958' was loaded over HTTPS, but requested an insecure element 'http://image.gmarket.co.kr/service_image/2026/02/27/20260227170944429354_0_0.jpg'. This request was automatically upgraded to HTTPS, For more information see https://blog.chromium.org/2019/10/no-more-mixed-messages-about-https.html @ https://item.gmarket.co.kr/Item?goodscode=2752723958:0
[ 1138895ms] [WARNING] Mixed Content: The page at 'https://item.gmarket.co.kr/Item?goodscode=2752723958' was loaded over HTTPS, but requested an insecure element 'http://image.gmarket.co.kr/service_image/2026/02/27/20260227150654263738_0_0.jpg'. This request was automatically upgraded to HTTPS, For more information see https://blog.chromium.org/2019/10/no-more-mixed-messages-about-https.html @ https://item.gmarket.co.kr/Item?goodscode=2752723958:0
[ 1138980ms] Uncaught TypeError: First argument must be a String, HTMLElement, HTMLCollection, or NodeList
    at o (https://script.gmarket.co.kr/js/itemdweb/lib/clipboard.min.js:6:2536)
    at e (https://script.gmarket.co.kr/js/itemdweb/lib/clipboard.min.js:6:10940)
    at t (https://script.gmarket.co.kr/js/itemdweb/lib/clipboard.min.js:6:10458)
    at <anonymous> (https://item.gmarket.co.kr/Item?goodscode=2752723958:415:19)
[ 1139061ms] [WARNING] Mixed Content: The page at 'https://item.gmarket.co.kr/Item?goodscode=2752723958' was loaded over HTTPS, but requested an insecure element 'http://pics.gmarket.co.kr/mobile/single/kr/common/image__arrival-shipping.png'. This request was automatically upgraded to HTTPS, For more information see https://blog.chromium.org/2019/10/no-more-mixed-messages-about-https.html @ https://item.gmarket.co.kr/Item?goodscode=2752723958:1630
[ 1139149ms] [WARNING] Mixed Content: The page at 'https://item.gmarket.co.kr/Item?goodscode=2752723958' was loaded over HTTPS, but requested an insecure element 'http://image.gmarket.co.kr/service_image/2026/02/27/20260227170944429354_0_0.jpg'. This request was automatically upgraded to HTTPS, For more information see https://blog.chromium.org/2019/10/no-more-mixed-messages-about-https.html @ https://item.gmarket.co.kr/Item?goodscode=2752723958:1944
[ 1139149ms] [WARNING] Mixed Content: The page at 'https://item.gmarket.co.kr/Item?goodscode=2752723958' was loaded over HTTPS, but requested an insecure element 'http://image.gmarket.co.kr/service_image/2026/02/27/20260227150654263738_0_0.jpg'. This request was automatically upgraded to HTTPS, For more information see https://blog.chromium.org/2019/10/no-more-mixed-messages-about-https.html @ https://item.gmarket.co.kr/Item?goodscode=2752723958:1944
[ 1139868ms] [WARNING] Mixed Content: The page at 'https://item.gmarket.co.kr/Item?goodscode=2752723958' was loaded over HTTPS, but requested an insecure element 'http://pics.gmarket.co.kr/pc/single/kr/stardelivery/logo_stardelivery.png'. This request was automatically upgraded to HTTPS, For more information see https://blog.chromium.org/2019/10/no-more-mixed-messages-about-https.html @ https://item.gmarket.co.kr/Item?goodscode=2752723958:0
[ 1140116ms] [WARNING] Mixed Content: The page at 'https://item.gmarket.co.kr/Item?goodscode=2752723958' was loaded over HTTPS, but requested an insecure element 'http://ats-v2.gmarket.co.kr/ra/imp?r=fnB0WTZWZ01yVVJmZnJrSzArbUp4YWlqL0ZmUlFsWFdaQXlnc1Bzd21WYmpEQTY4eTJQWWRJc2VZekJDUS91NEE2TGlzTG5HTXdHdGczemFjd3hWNk5wK0dlR0xHQkZEMnM5MjZ5N0lBOFFhVnJjcFJjUDhDRStDMlVaRFl6OHp6Rml5SjFmL0tiV1dtQ2IrOTdnWjEydDZLYXlrZ25qMVNVQm5qYnB3NlRaNURVS2dxamFjTFp6QWF2T080TVhnUkJ2bnpBM1pUd1k3ZVY0TU96VzlPcGdoUnlPb3RNUHN2RHF0OHE1WnlXQjE1U2MyMHVpcGhTZFNFMmV5ajBPdXczcDRqNnpBQTlQL2JEN2hPcjhoS0IxUkw5ZUdyU04yam4zWllpNElWdzRSQ2Z5OWp2VXNpR1BkdU9aRVpzOTJqd3hFZ21JdkR1N2dsR0p5dk5BeUtyd3hoaU1rUFBsRCs2aF...b05FejU3VGUycysrVkZmMWw4VVJNZGJSejMzNExVVXo1RG5admhGMWNISVh2ZXkwNXpCREpDbUtvTytaRHFOMFdWd1kwb1Fjc1BFNXRvWjJ6ZXpoSkZ0YSt3QUFRUnhVQkhiL2JoMW90WHI3endWRG1BZzB2TGhibGlUb2NKQW11VlVZS1M3OElqeEptamxWeTd3WkhMNmR1SURUNThHblJOd2dSYmoyNU85U251UjA5bnRQQ01oYkNjVE1jcFovZGl6RVd3VVpVb0luQ1BwNlR2TGp0ak4xWlpoVDBrc3pwdzlLSlh4K2VsamtRK21WU25obkVQT05OWU4yUmp5dzVGcFZCU0VQcW1LcU1uRVBZelNFOTZjQWRQS3VTNVc3VFBrVmtrR3kxRnhLRUNxcUlvajRic1c0RnB3Zz09&rn=b676088e1cd04f10adf2e211e5dadf67&pagePos=0&pageIndex=0&pageSize=30&listno=0&rs=962'. This request was automatically upgraded to HTTPS, For more information see https://blog.chromium.org/2019/10/no-more-mixed-messages-about-https.html @ https://item.gmarket.co.kr/Item?goodscode=2752723958:0
[ 1140117ms] [WARNING] Mixed Content: The page at 'https://item.gmarket.co.kr/Item?goodscode=2752723958' was loaded over HTTPS, but requested an insecure element 'http://ats-v2.gmarket.co.kr/ra/imp?r=fnB0WTZWZ01yVVJmZnJrSzArbUp4YWlqL0ZmUlFsWFdaQXlnc1Bzd21WYmpEQTY4eTJQWWRJc2VZekJDUS91NEFpVlMrS3hQUit0NXpsU2N0RE9tL0Ztb2lWTU5VR2V5WmtyTHJKMk4rTWY5QnVnek1SaUhDZ0ptQTRrZ0NsSmFFNzU0cWFmcmk3YnlYcUxJcFVkVVBzdCt2MG5rV3lmaWRsTW80STBBckd6d3g1N0RNT0lDQ0FmbkNPNFM5ajVCbysxblQ1SWNKVkRkbzRHOEFER3BOeHpTUzVBOXM3QjdFUTBWaTVwOXIrZGJ0RHRPc2ZLWW1IaG1PbTUvd3VLcGRaMGh6bmIzYVpGY1JxQ0VVV3JMUUozWXU2MnNDWWE0V28zcW5TUmtFZWdGenhMZ0lGYWZzQUhEWmtIcWRiMkVPa0N6clBjMEU2V1hVVEdFL2E5VXl0SnMxZlh5aHBXenpZbn...NDZtOW42N3lNcUZhU3hTb3NSNVZ5WmkvZ2REbjUzMFBiVFZSK2ttR24rQTMvNDQ4Z1Q4YXZVdlliVWlFemxLMnNkUitpUEZjWElUMCtSakNKb3Y3MVloQ1BYQTRaWlE1YVNaeGJuOUdhN3BZODhZNGNOMmE0ajEwS3FGRHlScEVFSHFPdGkvR1JWb1RBZklXRzJta1JFU1RsWDdSbjlNOW9kdUdrektTRE1OemFQbTZxQk1tK1d5TDhoN0FFRE1uRkVPNEFOU3YwRnRvd3NJckFSNWpGdytyakg0WmRhWDhhYjZtUDJnZXNKMDJkK2MzWld6bS85T1hWbEtGazNNcmdRQnVUNWJHWGl1dkk4MjQ3TUJzckg1L0tIL1pGUVpOMEFtSS96dExQTm1HVFNNY1RzRXp2SXFyaDdIQT09&rn=b676088e1cd04f10adf2e211e5dadf67&pagePos=1&pageIndex=0&pageSize=30&listno=1&rs=371'. This request was automatically upgraded to HTTPS, For more information see https://blog.chromium.org/2019/10/no-more-mixed-messages-about-https.html @ https://item.gmarket.co.kr/Item?goodscode=2752723958:0
[ 1140117ms] [WARNING] Mixed Content: The page at 'https://item.gmarket.co.kr/Item?goodscode=2752723958' was loaded over HTTPS, but requested an insecure element 'http://ats-v2.gmarket.co.kr/ra/imp?r=fnB0WTZWZ01yVVJmZnJrSzArbUp4YWlqL0ZmUlFsWFdaQXlnc1Bzd21WYmpEQTY4eTJQWWRJc2VZekJDUS91NEE0VW9oMWNkcXVjWTVyc0lpZjZMYzVRNER2eTRiVldla3VJNVdSMXNGSy9DS0ZNVUxRMzRNZ2pORXlyWW1tZzF2dGFYQWR4N0NoaXJQalo3QmNla3kvNmZ6bDNzY0tZNTlrQzNXUkFoLzdqa0hKSFJxOEh2OStFWmk3aW1iU1RWUEVhVFlmRitRVkMzclIzWW1LU3A1SG5kNGJzQzNFNlB1V3hLK3dpazM4cHdoNnBPYTNxM05TbGhnZmNBMG9zbGlQRy9YNXRMZVJMYTh6QnBzeDFaRUVwbEhZU1ZxU0phYWpCWFVmVzI4bEYvd3E4cWU3Q1ZGbUU4T2RPVmlOY1EwaGZrUytUbVVheXgxSmhFM3N5aDNoQ3BuSnRoZ05NbWVmTl...NkdickhPWFF2RTBTSTY5NGl5WGJrTEFTWEp4TG5aZWZjR3RNNVpkSzNYZnlwS2t5R2tBdXB6QnExWU00d1JJKzd0S21HOGJLWnRKL3kwU2xkNEpvT2ppRDlDam1wMUo3cjhGeTN3S3F2OStyV004ZGdWVE96aCs0cmhmUTN6bGtQYmNmWHNQTkFYdkFENlBEczBFdWFFK0Z4Mm5nNndpbEdMbEoyUHdQVk5oTWIwcnNWUzNWNnhNVnExTEpNendjMEl2eGRpUWxqQitNekVOOVRzT3dJQmVWQ3BLVWMvbk4veXFvQUxPelMrVE9CMGNIaTJsZzlNdHc4bURJa29FcW5MR09VWGVCZTBvVFZMRUtzRUdVcytFaFlIM2R5bGVOZUM2YTdWYUVLZ1UxQzdMcHM3dUVBZy9GczFHQT09&rn=b676088e1cd04f10adf2e211e5dadf67&pagePos=2&pageIndex=0&pageSize=30&listno=2&rs=803'. This request was automatically upgraded to HTTPS, For more information see https://blog.chromium.org/2019/10/no-more-mixed-messages-about-https.html @ https://item.gmarket.co.kr/Item?goodscode=2752723958:0
[ 1140182ms] [ERROR] Attestation check for Attribution Reporting on https://www.google-analytics.com failed. @ https://item.gmarket.co.kr/Item?goodscode=2752723958:0
[ 1140289ms] [WARNING] Mixed Content: The page at 'https://item.gmarket.co.kr/Item?goodscode=2752723958' was loaded over HTTPS, but requested an insecure element 'http://bampic.gmarket.co.kr/v1/958/723/2752723958/00563/2752723958434647556300.jpg'. This request was automatically upgraded to HTTPS, For more information see https://blog.chromium.org/2019/10/no-more-mixed-messages-about-https.html @ https://item.gmarket.co.kr/Item?goodscode=2752723958:0
[ 1140289ms] [WARNING] Mixed Content: The page at 'https://item.gmarket.co.kr/Item?goodscode=2752723958' was loaded over HTTPS, but requested an insecure element 'http://bampic.gmarket.co.kr/v1/958/723/2752723958/00367/2752723958435664036700.jpg'. This request was automatically upgraded to HTTPS, For more information see https://blog.chromium.org/2019/10/no-more-mixed-messages-about-https.html @ https://item.gmarket.co.kr/Item?goodscode=2752723958:0
[ 1140289ms] [WARNING] Mixed Content: The page at 'https://item.gmarket.co.kr/Item?goodscode=2752723958' was loaded over HTTPS, but requested an insecure element 'http://bampic.gmarket.co.kr/v1/958/723/2752723958/00919/2752723958435212491900.jpg'. This request was automatically upgraded to HTTPS, For more information see https://blog.chromium.org/2019/10/no-more-mixed-messages-about-https.html @ https://item.gmarket.co.kr/Item?goodscode=2752723958:0
[ 1140289ms] [WARNING] Mixed Content: The page at 'https://item.gmarket.co.kr/Item?goodscode=2752723958' was loaded over HTTPS, but requested an insecure element 'http://bampic.gmarket.co.kr/v1/958/723/2752723958/00602/2752723958435127360200.jpg'. This request was automatically upgraded to HTTPS, For more information see https://blog.chromium.org/2019/10/no-more-mixed-messages-about-https.html @ https://item.gmarket.co.kr/Item?goodscode=2752723958:0
[ 1140290ms] [WARNING] Mixed Content: The page at 'https://item.gmarket.co.kr/Item?goodscode=2752723958' was loaded over HTTPS, but requested an insecure element 'http://bampic.gmarket.co.kr/v1/958/723/2752723958/00904/2752723958435145590400.jpg'. This request was automatically upgraded to HTTPS, For more information see https://blog.chromium.org/2019/10/no-more-mixed-messages-about-https.html @ https://item.gmarket.co.kr/Item?goodscode=2752723958:0
[ 1140684ms] [ERROR] Failed to load resource: net::ERR_BLOCKED_BY_RESPONSE.NotSameOriginAfterDefaultedToSameOriginByCoep @ https://gum.criteo.com/sync?c=9&r=1&a=1&u=https%3A%2F%2Faa.agkn.com%2Fadscores%2Fg.pixel%3Fsid%3D9212273938%26ct%3D%40USERID%40:0
[ 1140781ms] [ERROR] Attestation check for Attribution Reporting on https://www.facebook.com failed. @ https://item.gmarket.co.kr/Item?goodscode=2752723958:0
[ 1140883ms] [ERROR] Failed to load resource: net::ERR_BLOCKED_BY_RESPONSE.NotSameOriginAfterDefaultedToSameOriginByCoep @ https://sync.1rx.io/usersync/criteodsp/k-YlIObQnnIS75s3O3JaRoBkaqOCBSOE61_gp0dw:0
[ 1140892ms] [ERROR] Failed to load resource: net::ERR_BLOCKED_BY_RESPONSE.NotSameOriginAfterDefaultedToSameOriginByCoep @ https://x.bidswitch.net/sync?dsp_id=46&user_id=k-fqXBJQnnIS75s3O3JaRoBkaqOCDTfgG_tSOrIA&expires=30:0
[ 1140902ms] [ERROR] Failed to load resource: net::ERR_BLOCKED_BY_RESPONSE.NotSameOriginAfterDefaultedToSameOriginByCoep @ https://simage4.pubmatic.com/AdServer/SPug?partnerID=167352&partnerUID=uid:k-huW-gAnnIS75s3O3JaRoBkaqOCCu3nkBifILPA:0
[ 1140912ms] [ERROR] Failed to load resource: net::ERR_BLOCKED_BY_RESPONSE.NotSameOriginAfterDefaultedToSameOriginByCoep @ https://ib.adnxs.com/getuid?https://dis.criteo.com/dis/rtb/appnexus/cookiematch.aspx?appnxsid=$UID:0
[ 1140924ms] [ERROR] Failed to load resource: net::ERR_BLOCKED_BY_RESPONSE.NotSameOriginAfterDefaultedToSameOriginByCoep @ https://cm.meba.kr/cm.mezzo/?buyerid=k-eAhNEwnnIS75s3O3JaRoBkaqOCA_9FqK5TwOHA&partnerkey=criteo:0
[ 1141010ms] [ERROR] Failed to load resource: net::ERR_BLOCKED_BY_RESPONSE.NotSameOriginAfterDefaultedToSameOriginByCoep @ https://ib.adnxs.com/setuid?entity=52&code=k-8pDajgnnIS75s3O3JaRoBkaqOCBZukeZ_vXTFQ:0
[ 1141563ms] [ERROR] Failed to load resource: net::ERR_BLOCKED_BY_RESPONSE.NotSameOriginAfterDefaultedToSameOriginByCoep @ https://cs.media.net/cksync.php?cs=3&type=crt&ovsid=k-ly_kDAnnIS75s3O3JaRoBkaqOCCZqCSjt-wtcw:0
[ 1141706ms] [ERROR] Failed to load resource: net::ERR_BLOCKED_BY_RESPONSE.NotSameOriginAfterDefaultedToSameOriginByCoep @ https://r.casalemedia.com/rum?cm_dsp_id=20&external_user_id=k-SwDcZgnnIS75s3O3JaRoBkaqOCDdgEkPXRsuMA:0
[ 1141747ms] [ERROR] Failed to load resource: net::ERR_BLOCKED_BY_RESPONSE.NotSameOriginAfterDefaultedToSameOriginByCoep @ https://act.ds.kakao.com/match?d=101&uid=k-KBvXAgnnIS75s3O3JaRoBkaqOCDnfYrZxlV8qA:0
[ 1141764ms] [ERROR] Failed to load resource: net::ERR_BLOCKED_BY_RESPONSE.NotSameOriginAfterDefaultedToSameOriginByCoep @ https://c.bing.com/c.gif?Red3=CTOMS_pd&cbid=k-jf3IGwnnIS75s3O3JaRoBkaqOCBUkagHYM_Ieg:0
[ 1141780ms] [ERROR] Failed to load resource: net::ERR_BLOCKED_BY_RESPONSE.NotSameOriginAfterDefaultedToSameOriginByCoep @ https://ad.tpmn.co.kr/pixelCt.tpmn?tpmn_nid=26a681017b4fdc02f3aef3aa921ede3e&tpmn_buid=k-kmdgAwnnIS75s3O3JaRoBkaqOCA4GoAjf7Ln2Q:0
[ 1141796ms] [ERROR] Failed to load resource: net::ERR_BLOCKED_BY_RESPONSE.NotSameOriginAfterDefaultedToSameOriginByCoep @ https://criteo-sync.teads.tv/um?eid=80&uid=k-J_fY-gnnIS75s3O3JaRoBkaqOCBXXcs6cnUDkA:0
[ 1141901ms] [ERROR] Failed to load resource: net::ERR_BLOCKED_BY_RESPONSE.NotSameOriginAfterDefaultedToSameOriginByCoep @ https://idsync.rlcdn.com/362338.gif?partner_uid=k-ufLhbgnnIS75s3O3JaRoBkaqOCD4pZwhDlHnYQ:0
[ 1141904ms] [ERROR] Failed to load resource: net::ERR_BLOCKED_BY_RESPONSE.NotSameOriginAfterDefaultedToSameOriginByCoep @ https://ade.clmbtech.com/uid/sync.htm?pid=13079&cuid=k-CT0-eQnnIS75s3O3JaRoBkaqOCB0PzYwa5fwuA:0
[ 1141929ms] [ERROR] Failed to load resource: net::ERR_BLOCKED_BY_RESPONSE.NotSameOriginAfterDefaultedToSameOriginByCoep @ https://rtb-csync.smartadserver.com/redir/?partnerid=79&partneruserid=k-p9q5NwnnIS75s3O3JaRoBkaqOCCRQiU61OSGPw:0
[ 1141930ms] [ERROR] Failed to load resource: net::ERR_BLOCKED_BY_RESPONSE.NotSameOriginAfterDefaultedToSameOriginByCoep @ https://eb2.3lift.com/xuid?mid=2711&xuid=k-7UxwuQnnIS75s3O3JaRoBkaqOCC1qw2vpATSFQ&dongle=013b:0
[ 1141934ms] [ERROR] Failed to load resource: net::ERR_BLOCKED_BY_RESPONSE.NotSameOriginAfterDefaultedToSameOriginByCoep @ https://sync-t1.taboola.com/sg/criteortb-network/1/rtb-h/?taboola_hm=k-6kJ9UAnnIS75s3O3JaRoBkaqOCAG2FoQiEMtRg:0
[ 1142075ms] [ERROR] Failed to load resource: net::ERR_BLOCKED_BY_RESPONSE.NotSameOriginAfterDefaultedToSameOriginByCoep @ https://pixel.rubiconproject.com/tap.php?v=6434&nid=2149&put=k-OJtUugnnIS75s3O3JaRoBkaqOCAZmYvEoYyuXg&expires=30:0
[ 1142163ms] [ERROR] Failed to load resource: net::ERR_BLOCKED_BY_RESPONSE.NotSameOriginAfterDefaultedToSameOriginByCoep @ https://simage2.pubmatic.com/AdServer/Pug?vcode=bz0yJnR5cGU9MSZjb2RlPTE5MjgmdGw9NDMyMDA=&piggybackCookie=uid:k-huW-gAnnIS75s3O3JaRoBkaqOCCu3nkBifILPA:0
[ 1142218ms] [ERROR] Failed to load resource: net::ERR_BLOCKED_BY_RESPONSE.NotSameOriginAfterDefaultedToSameOriginByCoep @ https://ad.360yield.com/match?publisher_dsp_id=38&external_user_id=k-HK-DcQnnIS75s3O3JaRoBkaqOCBOM4cklYXkCg:0
[ 1142406ms] [ERROR] Failed to load resource: net::ERR_BLOCKED_BY_RESPONSE.NotSameOriginAfterDefaultedToSameOriginByCoep @ https://tg.socdm.com/aux/idsync?proto=criteo&dsp_uid=k-sUmjXQnnIS75s3O3JaRoBkaqOCAEf28spe_5Bg:0
[ 1143071ms] [ERROR] Failed to load resource: net::ERR_BLOCKED_BY_RESPONSE.NotSameOriginAfterDefaultedToSameOriginByCoep @ https://sync.outbrain.com/cookie-sync?p=criteo&uid=k--zoaQgnnIS75s3O3JaRoBkaqOCAp30_vUD4UjQ&initiator=partner:0
[ 1151753ms] [ERROR] Attestation check for Attribution Reporting on https://www.facebook.com failed. @ https://item.gmarket.co.kr/Item?goodscode=2752723958:0
[ 1153603ms] [WARNING] Mixed Content: The page at 'https://www.gmarket.co.kr/' was loaded over HTTPS, but requested an insecure element 'http://gdimg.gmarket.co.kr/2752723958/still/160'. This request was automatically upgraded to HTTPS, For more information see https://blog.chromium.org/2019/10/no-more-mixed-messages-about-https.html @ https://www.gmarket.co.kr/:0
[ 1153657ms] [WARNING] Mixed Content: The page at 'https://www.gmarket.co.kr/' was loaded over HTTPS, but requested an insecure element 'http://gdimg.gmarket.co.kr/2752723958/still/160'. This request was automatically upgraded to HTTPS, For more information see https://blog.chromium.org/2019/10/no-more-mixed-messages-about-https.html @ https://www.gmarket.co.kr/:0
