[     618ms] [WARNING] Mixed Content: The page at 'https://item.gmarket.co.kr/Item?goodscode=2752723958' was loaded over HTTPS, but requested an insecure element 'http://image.gmarket.co.kr/service_image/2026/02/27/20260227170944429354_0_0.jpg'. This request was automatically upgraded to HTTPS, For more information see https://blog.chromium.org/2019/10/no-more-mixed-messages-about-https.html @ https://item.gmarket.co.kr/Item?goodscode=2752723958:0
[    1515ms] Uncaught TypeError: First argument must be a String, HTMLElement, HTMLCollection, or NodeList
    at o (https://script.gmarket.co.kr/js/itemdweb/lib/clipboard.min.js:6:2536)
    at e (https://script.gmarket.co.kr/js/itemdweb/lib/clipboard.min.js:6:10940)
    at t (https://script.gmarket.co.kr/js/itemdweb/lib/clipboard.min.js:6:10458)
    at <anonymous> (https://item.gmarket.co.kr/Item?goodscode=2752723958:415:19)
[    1027ms] [WARNING] Mixed Content: The page at 'https://item.gmarket.co.kr/Item?goodscode=2752723958' was loaded over HTTPS, but requested an insecure element 'http://image.gmarket.co.kr/service_image/2026/02/27/20260227170944429354_0_0.jpg'. This request was automatically upgraded to HTTPS, For more information see https://blog.chromium.org/2019/10/no-more-mixed-messages-about-https.html @ https://item.gmarket.co.kr/Item?goodscode=2752723958:1844
[    1031ms] [WARNING] Mixed Content: The page at 'https://item.gmarket.co.kr/Item?goodscode=2752723958' was loaded over HTTPS, but requested an insecure element 'http://pics.gmarket.co.kr/mobile/single/kr/common/image__arrival-shipping.png'. This request was automatically upgraded to HTTPS, For more information see https://blog.chromium.org/2019/10/no-more-mixed-messages-about-https.html @ https://item.gmarket.co.kr/Item?goodscode=2752723958:1844
[    1746ms] [WARNING] Mixed Content: The page at 'https://item.gmarket.co.kr/Item?goodscode=2752723958' was loaded over HTTPS, but requested an insecure element 'http://pics.gmarket.co.kr/pc/single/kr/stardelivery/logo_stardelivery.png'. This request was automatically upgraded to HTTPS, For more information see https://blog.chromium.org/2019/10/no-more-mixed-messages-about-https.html @ https://item.gmarket.co.kr/Item?goodscode=2752723958:0
[    2416ms] [WARNING] Mixed Content: The page at 'https://item.gmarket.co.kr/Item?goodscode=2752723958' was loaded over HTTPS, but requested an insecure element 'http://bampic.gmarket.co.kr/v1/958/723/2752723958/00563/2752723958434647556300.jpg'. This request was automatically upgraded to HTTPS, For more information see https://blog.chromium.org/2019/10/no-more-mixed-messages-about-https.html @ https://item.gmarket.co.kr/Item?goodscode=2752723958:0
[    2417ms] [WARNING] Mixed Content: The page at 'https://item.gmarket.co.kr/Item?goodscode=2752723958' was loaded over HTTPS, but requested an insecure element 'http://bampic.gmarket.co.kr/v1/958/723/2752723958/00367/2752723958435664036700.jpg'. This request was automatically upgraded to HTTPS, For more information see https://blog.chromium.org/2019/10/no-more-mixed-messages-about-https.html @ https://item.gmarket.co.kr/Item?goodscode=2752723958:0
[    2418ms] [WARNING] Mixed Content: The page at 'https://item.gmarket.co.kr/Item?goodscode=2752723958' was loaded over HTTPS, but requested an insecure element 'http://bampic.gmarket.co.kr/v1/958/723/2752723958/00919/2752723958435212491900.jpg'. This request was automatically upgraded to HTTPS, For more information see https://blog.chromium.org/2019/10/no-more-mixed-messages-about-https.html @ https://item.gmarket.co.kr/Item?goodscode=2752723958:0
[    2418ms] [WARNING] Mixed Content: The page at 'https://item.gmarket.co.kr/Item?goodscode=2752723958' was loaded over HTTPS, but requested an insecure element 'http://bampic.gmarket.co.kr/v1/958/723/2752723958/00602/2752723958435127360200.jpg'. This request was automatically upgraded to HTTPS, For more information see https://blog.chromium.org/2019/10/no-more-mixed-messages-about-https.html @ https://item.gmarket.co.kr/Item?goodscode=2752723958:0
[    2418ms] [WARNING] Mixed Content: The page at 'https://item.gmarket.co.kr/Item?goodscode=2752723958' was loaded over HTTPS, but requested an insecure element 'http://bampic.gmarket.co.kr/v1/958/723/2752723958/00904/2752723958435145590400.jpg'. This request was automatically upgraded to HTTPS, For more information see https://blog.chromium.org/2019/10/no-more-mixed-messages-about-https.html @ https://item.gmarket.co.kr/Item?goodscode=2752723958:0
[    3533ms] [ERROR] Attestation check for Attribution Reporting on https://www.google-analytics.com failed. @ https://item.gmarket.co.kr/Item?goodscode=2752723958:0
[    3615ms] [ERROR] Attestation check for Attribution Reporting on https://www.facebook.com failed. @ https://item.gmarket.co.kr/Item?goodscode=2752723958:0
[    3972ms] [ERROR] Failed to load resource: net::ERR_BLOCKED_BY_RESPONSE.NotSameOriginAfterDefaultedToSameOriginByCoep @ https://act.ds.kakao.com/match?d=101&uid=k-KBvXAgnnIS75s3O3JaRoBkaqOCDnfYrZxlV8qA:0
[    3973ms] [ERROR] Failed to load resource: net::ERR_BLOCKED_BY_RESPONSE.NotSameOriginAfterDefaultedToSameOriginByCoep @ https://gum.criteo.com/sync?c=9&r=1&a=1&u=https%3A%2F%2Faa.agkn.com%2Fadscores%2Fg.pixel%3Fsid%3D9212273938%26ct%3D%40USERID%40:0
[    4018ms] [ERROR] Failed to load resource: net::ERR_BLOCKED_BY_RESPONSE.NotSameOriginAfterDefaultedToSameOriginByCoep @ https://r.casalemedia.com/rum?cm_dsp_id=20&external_user_id=k-SwDcZgnnIS75s3O3JaRoBkaqOCDdgEkPXRsuMA:0
[    4021ms] [ERROR] Failed to load resource: net::ERR_BLOCKED_BY_RESPONSE.NotSameOriginAfterDefaultedToSameOriginByCoep @ https://cm.meba.kr/cm.mezzo/?buyerid=k-eAhNEwnnIS75s3O3JaRoBkaqOCA_9FqK5TwOHA&partnerkey=criteo:0
[    4048ms] [ERROR] Failed to load resource: net::ERR_BLOCKED_BY_RESPONSE.NotSameOriginAfterDefaultedToSameOriginByCoep @ https://x.bidswitch.net/sync?dsp_id=46&user_id=k-fqXBJQnnIS75s3O3JaRoBkaqOCDTfgG_tSOrIA&expires=30:0
[    4079ms] [ERROR] Failed to load resource: net::ERR_BLOCKED_BY_RESPONSE.NotSameOriginAfterDefaultedToSameOriginByCoep @ https://c.bing.com/c.gif?Red3=CTOMS_pd&cbid=k-jf3IGwnnIS75s3O3JaRoBkaqOCBUkagHYM_Ieg:0
[    4104ms] [ERROR] Failed to load resource: net::ERR_BLOCKED_BY_RESPONSE.NotSameOriginAfterDefaultedToSameOriginByCoep @ https://cs.media.net/cksync.php?cs=3&type=crt&ovsid=k-ly_kDAnnIS75s3O3JaRoBkaqOCCZqCSjt-wtcw:0
[    4154ms] [ERROR] Failed to load resource: net::ERR_BLOCKED_BY_RESPONSE.NotSameOriginAfterDefaultedToSameOriginByCoep @ https://idsync.rlcdn.com/362338.gif?partner_uid=k-ufLhbgnnIS75s3O3JaRoBkaqOCD4pZwhDlHnYQ:0
[    4185ms] [ERROR] Failed to load resource: net::ERR_BLOCKED_BY_RESPONSE.NotSameOriginAfterDefaultedToSameOriginByCoep @ https://ib.adnxs.com/getuid?https://dis.criteo.com/dis/rtb/appnexus/cookiematch.aspx?appnxsid=$UID:0
[    4195ms] [ERROR] Failed to load resource: net::ERR_BLOCKED_BY_RESPONSE.NotSameOriginAfterDefaultedToSameOriginByCoep @ https://simage4.pubmatic.com/AdServer/SPug?partnerID=167352&partnerUID=uid:k-huW-gAnnIS75s3O3JaRoBkaqOCCu3nkBifILPA:0
[    4240ms] [ERROR] Failed to load resource: net::ERR_BLOCKED_BY_RESPONSE.NotSameOriginAfterDefaultedToSameOriginByCoep @ https://ad.360yield.com/match?publisher_dsp_id=38&external_user_id=k-HK-DcQnnIS75s3O3JaRoBkaqOCBOM4cklYXkCg:0
[    4254ms] [ERROR] Failed to load resource: net::ERR_BLOCKED_BY_RESPONSE.NotSameOriginAfterDefaultedToSameOriginByCoep @ https://criteo-sync.teads.tv/um?eid=80&uid=k-J_fY-gnnIS75s3O3JaRoBkaqOCBXXcs6cnUDkA:0
[    4272ms] [ERROR] Failed to load resource: net::ERR_BLOCKED_BY_RESPONSE.NotSameOriginAfterDefaultedToSameOriginByCoep @ https://ib.adnxs.com/setuid?entity=52&code=k-8pDajgnnIS75s3O3JaRoBkaqOCBZukeZ_vXTFQ:0
[    4279ms] [ERROR] Failed to load resource: net::ERR_BLOCKED_BY_RESPONSE.NotSameOriginAfterDefaultedToSameOriginByCoep @ https://ad.tpmn.co.kr/pixelCt.tpmn?tpmn_nid=26a681017b4fdc02f3aef3aa921ede3e&tpmn_buid=k-kmdgAwnnIS75s3O3JaRoBkaqOCA4GoAjf7Ln2Q:0
[    4305ms] [ERROR] Failed to load resource: net::ERR_BLOCKED_BY_RESPONSE.NotSameOriginAfterDefaultedToSameOriginByCoep @ https://simage2.pubmatic.com/AdServer/Pug?vcode=bz0yJnR5cGU9MSZjb2RlPTE5MjgmdGw9NDMyMDA=&piggybackCookie=uid:k-huW-gAnnIS75s3O3JaRoBkaqOCCu3nkBifILPA:0
[    4380ms] [ERROR] Failed to load resource: net::ERR_BLOCKED_BY_RESPONSE.NotSameOriginAfterDefaultedToSameOriginByCoep @ https://ade.clmbtech.com/uid/sync.htm?pid=13079&cuid=k-CT0-eQnnIS75s3O3JaRoBkaqOCB0PzYwa5fwuA:0
[    4398ms] [ERROR] Failed to load resource: net::ERR_BLOCKED_BY_RESPONSE.NotSameOriginAfterDefaultedToSameOriginByCoep @ https://rtb-csync.smartadserver.com/redir/?partnerid=79&partneruserid=k-p9q5NwnnIS75s3O3JaRoBkaqOCCRQiU61OSGPw:0
[    4451ms] [ERROR] Failed to load resource: net::ERR_BLOCKED_BY_RESPONSE.NotSameOriginAfterDefaultedToSameOriginByCoep @ https://tg.socdm.com/aux/idsync?proto=criteo&dsp_uid=k-sUmjXQnnIS75s3O3JaRoBkaqOCAEf28spe_5Bg:0
[    4454ms] [ERROR] Failed to load resource: net::ERR_BLOCKED_BY_RESPONSE.NotSameOriginAfterDefaultedToSameOriginByCoep @ https://pixel.rubiconproject.com/tap.php?v=6434&nid=2149&put=k-OJtUugnnIS75s3O3JaRoBkaqOCAZmYvEoYyuXg&expires=30:0
[    4455ms] [ERROR] Failed to load resource: net::ERR_BLOCKED_BY_RESPONSE.NotSameOriginAfterDefaultedToSameOriginByCoep @ https://sync.outbrain.com/cookie-sync?p=criteo&uid=k--zoaQgnnIS75s3O3JaRoBkaqOCAp30_vUD4UjQ&initiator=partner:0
[    4490ms] [ERROR] Failed to load resource: net::ERR_BLOCKED_BY_RESPONSE.NotSameOriginAfterDefaultedToSameOriginByCoep @ https://sync.1rx.io/usersync/criteodsp/k-YlIObQnnIS75s3O3JaRoBkaqOCBSOE61_gp0dw:0
[    4494ms] [ERROR] Failed to load resource: net::ERR_BLOCKED_BY_RESPONSE.NotSameOriginAfterDefaultedToSameOriginByCoep @ https://eb2.3lift.com/xuid?mid=2711&xuid=k-7UxwuQnnIS75s3O3JaRoBkaqOCC1qw2vpATSFQ&dongle=013b:0
[    4695ms] [ERROR] Failed to load resource: net::ERR_BLOCKED_BY_RESPONSE.NotSameOriginAfterDefaultedToSameOriginByCoep @ https://sync-t1.taboola.com/sg/criteortb-network/1/rtb-h/?taboola_hm=k-6kJ9UAnnIS75s3O3JaRoBkaqOCAG2FoQiEMtRg:0
[   16199ms] [ERROR] Attestation check for Attribution Reporting on https://www.facebook.com failed. @ https://item.gmarket.co.kr/Item?goodscode=2752723958:0
[   26115ms] [ERROR] Attestation check for Attribution Reporting on https://www.facebook.com failed. @ https://item.gmarket.co.kr/Item?goodscode=2752723958:0
[  196704ms] [WARNING] Mixed Content: The page at 'https://item.gmarket.co.kr/Item?goodscode=2752723958' was loaded over HTTPS, but requested an insecure element 'http://image.gmarket.co.kr/service_image/2026/02/27/20260227170944429354_0_0.jpg'. This request was automatically upgraded to HTTPS, For more information see https://blog.chromium.org/2019/10/no-more-mixed-messages-about-https.html @ https://item.gmarket.co.kr/Item?goodscode=2752723958:0
[  196704ms] [WARNING] Mixed Content: The page at 'https://item.gmarket.co.kr/Item?goodscode=2752723958' was loaded over HTTPS, but requested an insecure element 'http://image.gmarket.co.kr/service_image/2026/02/27/20260227150654263738_0_0.jpg'. This request was automatically upgraded to HTTPS, For more information see https://blog.chromium.org/2019/10/no-more-mixed-messages-about-https.html @ https://item.gmarket.co.kr/Item?goodscode=2752723958:0
[  196832ms] Uncaught TypeError: First argument must be a String, HTMLElement, HTMLCollection, or NodeList
    at o (https://script.gmarket.co.kr/js/itemdweb/lib/clipboard.min.js:6:2536)
    at e (https://script.gmarket.co.kr/js/itemdweb/lib/clipboard.min.js:6:10940)
    at t (https://script.gmarket.co.kr/js/itemdweb/lib/clipboard.min.js:6:10458)
    at <anonymous> (https://item.gmarket.co.kr/Item?goodscode=2752723958:415:19)
[  196964ms] [WARNING] Mixed Content: The page at 'https://item.gmarket.co.kr/Item?goodscode=2752723958' was loaded over HTTPS, but requested an insecure element 'http://image.gmarket.co.kr/service_image/2026/02/27/20260227170944429354_0_0.jpg'. This request was automatically upgraded to HTTPS, For more information see https://blog.chromium.org/2019/10/no-more-mixed-messages-about-https.html @ https://item.gmarket.co.kr/Item?goodscode=2752723958:2167
[  196965ms] [WARNING] Mixed Content: The page at 'https://item.gmarket.co.kr/Item?goodscode=2752723958' was loaded over HTTPS, but requested an insecure element 'http://image.gmarket.co.kr/service_image/2026/02/27/20260227150654263738_0_0.jpg'. This request was automatically upgraded to HTTPS, For more information see https://blog.chromium.org/2019/10/no-more-mixed-messages-about-https.html @ https://item.gmarket.co.kr/Item?goodscode=2752723958:2167
[  196972ms] [WARNING] Mixed Content: The page at 'https://item.gmarket.co.kr/Item?goodscode=2752723958' was loaded over HTTPS, but requested an insecure element 'http://pics.gmarket.co.kr/mobile/single/kr/common/image__arrival-shipping.png'. This request was automatically upgraded to HTTPS, For more information see https://blog.chromium.org/2019/10/no-more-mixed-messages-about-https.html @ https://item.gmarket.co.kr/Item?goodscode=2752723958:3164
[  197464ms] [WARNING] Mixed Content: The page at 'https://item.gmarket.co.kr/Item?goodscode=2752723958' was loaded over HTTPS, but requested an insecure element 'http://pics.gmarket.co.kr/pc/single/kr/stardelivery/logo_stardelivery.png'. This request was automatically upgraded to HTTPS, For more information see https://blog.chromium.org/2019/10/no-more-mixed-messages-about-https.html @ https://item.gmarket.co.kr/Item?goodscode=2752723958:0
[  198052ms] [WARNING] Mixed Content: The page at 'https://item.gmarket.co.kr/Item?goodscode=2752723958' was loaded over HTTPS, but requested an insecure element 'http://bampic.gmarket.co.kr/v1/958/723/2752723958/00563/2752723958434647556300.jpg'. This request was automatically upgraded to HTTPS, For more information see https://blog.chromium.org/2019/10/no-more-mixed-messages-about-https.html @ https://item.gmarket.co.kr/Item?goodscode=2752723958:0
[  198053ms] [WARNING] Mixed Content: The page at 'https://item.gmarket.co.kr/Item?goodscode=2752723958' was loaded over HTTPS, but requested an insecure element 'http://bampic.gmarket.co.kr/v1/958/723/2752723958/00367/2752723958435664036700.jpg'. This request was automatically upgraded to HTTPS, For more information see https://blog.chromium.org/2019/10/no-more-mixed-messages-about-https.html @ https://item.gmarket.co.kr/Item?goodscode=2752723958:0
[  198053ms] [WARNING] Mixed Content: The page at 'https://item.gmarket.co.kr/Item?goodscode=2752723958' was loaded over HTTPS, but requested an insecure element 'http://bampic.gmarket.co.kr/v1/958/723/2752723958/00919/2752723958435212491900.jpg'. This request was automatically upgraded to HTTPS, For more information see https://blog.chromium.org/2019/10/no-more-mixed-messages-about-https.html @ https://item.gmarket.co.kr/Item?goodscode=2752723958:0
[  198053ms] [WARNING] Mixed Content: The page at 'https://item.gmarket.co.kr/Item?goodscode=2752723958' was loaded over HTTPS, but requested an insecure element 'http://bampic.gmarket.co.kr/v1/958/723/2752723958/00602/2752723958435127360200.jpg'. This request was automatically upgraded to HTTPS, For more information see https://blog.chromium.org/2019/10/no-more-mixed-messages-about-https.html @ https://item.gmarket.co.kr/Item?goodscode=2752723958:0
[  198053ms] [WARNING] Mixed Content: The page at 'https://item.gmarket.co.kr/Item?goodscode=2752723958' was loaded over HTTPS, but requested an insecure element 'http://bampic.gmarket.co.kr/v1/958/723/2752723958/00904/2752723958435145590400.jpg'. This request was automatically upgraded to HTTPS, For more information see https://blog.chromium.org/2019/10/no-more-mixed-messages-about-https.html @ https://item.gmarket.co.kr/Item?goodscode=2752723958:0
[  198305ms] [ERROR] Failed to load resource: net::ERR_BLOCKED_BY_RESPONSE.NotSameOriginAfterDefaultedToSameOriginByCoep @ https://criteo-sync.teads.tv/um?eid=80&uid=k-J_fY-gnnIS75s3O3JaRoBkaqOCBXXcs6cnUDkA:0
[  198317ms] [ERROR] Failed to load resource: net::ERR_BLOCKED_BY_RESPONSE.NotSameOriginAfterDefaultedToSameOriginByCoep @ https://x.bidswitch.net/sync?dsp_id=46&user_id=k-fqXBJQnnIS75s3O3JaRoBkaqOCDTfgG_tSOrIA&expires=30:0
[  198339ms] [ERROR] Failed to load resource: net::ERR_BLOCKED_BY_RESPONSE.NotSameOriginAfterDefaultedToSameOriginByCoep @ https://eb2.3lift.com/xuid?mid=2711&xuid=k-7UxwuQnnIS75s3O3JaRoBkaqOCC1qw2vpATSFQ&dongle=013b:0
[  198348ms] [ERROR] Failed to load resource: net::ERR_BLOCKED_BY_RESPONSE.NotSameOriginAfterDefaultedToSameOriginByCoep @ https://simage2.pubmatic.com/AdServer/Pug?vcode=bz0yJnR5cGU9MSZjb2RlPTE5MjgmdGw9NDMyMDA=&piggybackCookie=uid:k-huW-gAnnIS75s3O3JaRoBkaqOCCu3nkBifILPA:0
[  198349ms] [ERROR] Failed to load resource: net::ERR_BLOCKED_BY_RESPONSE.NotSameOriginAfterDefaultedToSameOriginByCoep @ https://simage4.pubmatic.com/AdServer/SPug?partnerID=167352&partnerUID=uid:k-huW-gAnnIS75s3O3JaRoBkaqOCCu3nkBifILPA:0
[  198527ms] [ERROR] Failed to load resource: net::ERR_BLOCKED_BY_RESPONSE.NotSameOriginAfterDefaultedToSameOriginByCoep @ https://ib.adnxs.com/getuid?https://dis.criteo.com/dis/rtb/appnexus/cookiematch.aspx?appnxsid=$UID:0
[  198603ms] [ERROR] Failed to load resource: net::ERR_BLOCKED_BY_RESPONSE.NotSameOriginAfterDefaultedToSameOriginByCoep @ https://ad.360yield.com/match?publisher_dsp_id=38&external_user_id=k-HK-DcQnnIS75s3O3JaRoBkaqOCBOM4cklYXkCg:0
[  198654ms] [ERROR] Failed to load resource: net::ERR_BLOCKED_BY_RESPONSE.NotSameOriginAfterDefaultedToSameOriginByCoep @ https://ib.adnxs.com/setuid?entity=52&code=k-8pDajgnnIS75s3O3JaRoBkaqOCBZukeZ_vXTFQ:0
[  198305ms] [ERROR] Failed to load resource: net::ERR_BLOCKED_BY_RESPONSE.NotSameOriginAfterDefaultedToSameOriginByCoep @ https://criteo-sync.teads.tv/um?eid=80&uid=k-J_fY-gnnIS75s3O3JaRoBkaqOCBXXcs6cnUDkA:0
[  198317ms] [ERROR] Failed to load resource: net::ERR_BLOCKED_BY_RESPONSE.NotSameOriginAfterDefaultedToSameOriginByCoep @ https://x.bidswitch.net/sync?dsp_id=46&user_id=k-fqXBJQnnIS75s3O3JaRoBkaqOCDTfgG_tSOrIA&expires=30:0
[  198339ms] [ERROR] Failed to load resource: net::ERR_BLOCKED_BY_RESPONSE.NotSameOriginAfterDefaultedToSameOriginByCoep @ https://eb2.3lift.com/xuid?mid=2711&xuid=k-7UxwuQnnIS75s3O3JaRoBkaqOCC1qw2vpATSFQ&dongle=013b:0
[  198348ms] [ERROR] Failed to load resource: net::ERR_BLOCKED_BY_RESPONSE.NotSameOriginAfterDefaultedToSameOriginByCoep @ https://simage2.pubmatic.com/AdServer/Pug?vcode=bz0yJnR5cGU9MSZjb2RlPTE5MjgmdGw9NDMyMDA=&piggybackCookie=uid:k-huW-gAnnIS75s3O3JaRoBkaqOCCu3nkBifILPA:0
[  198349ms] [ERROR] Failed to load resource: net::ERR_BLOCKED_BY_RESPONSE.NotSameOriginAfterDefaultedToSameOriginByCoep @ https://simage4.pubmatic.com/AdServer/SPug?partnerID=167352&partnerUID=uid:k-huW-gAnnIS75s3O3JaRoBkaqOCCu3nkBifILPA:0
[  198527ms] [ERROR] Failed to load resource: net::ERR_BLOCKED_BY_RESPONSE.NotSameOriginAfterDefaultedToSameOriginByCoep @ https://ib.adnxs.com/getuid?https://dis.criteo.com/dis/rtb/appnexus/cookiematch.aspx?appnxsid=$UID:0
[  198603ms] [ERROR] Failed to load resource: net::ERR_BLOCKED_BY_RESPONSE.NotSameOriginAfterDefaultedToSameOriginByCoep @ https://ad.360yield.com/match?publisher_dsp_id=38&external_user_id=k-HK-DcQnnIS75s3O3JaRoBkaqOCBOM4cklYXkCg:0
[  198654ms] [ERROR] Failed to load resource: net::ERR_BLOCKED_BY_RESPONSE.NotSameOriginAfterDefaultedToSameOriginByCoep @ https://ib.adnxs.com/setuid?entity=52&code=k-8pDajgnnIS75s3O3JaRoBkaqOCBZukeZ_vXTFQ:0
[  199280ms] [ERROR] Attestation check for Attribution Reporting on https://www.google-analytics.com failed. @ https://item.gmarket.co.kr/Item?goodscode=2752723958:0
[  199299ms] [ERROR] Attestation check for Attribution Reporting on https://www.facebook.com failed. @ https://item.gmarket.co.kr/Item?goodscode=2752723958:0
[  199398ms] [ERROR] Failed to load resource: net::ERR_BLOCKED_BY_RESPONSE.NotSameOriginAfterDefaultedToSameOriginByCoep @ https://cm.meba.kr/cm.mezzo/?buyerid=k-eAhNEwnnIS75s3O3JaRoBkaqOCA_9FqK5TwOHA&partnerkey=criteo:0
[  199416ms] [ERROR] Failed to load resource: net::ERR_BLOCKED_BY_RESPONSE.NotSameOriginAfterDefaultedToSameOriginByCoep @ https://r.casalemedia.com/rum?cm_dsp_id=20&external_user_id=k-SwDcZgnnIS75s3O3JaRoBkaqOCDdgEkPXRsuMA:0
[  199466ms] [ERROR] Failed to load resource: net::ERR_BLOCKED_BY_RESPONSE.NotSameOriginAfterDefaultedToSameOriginByCoep @ https://ade.clmbtech.com/uid/sync.htm?pid=13079&cuid=k-CT0-eQnnIS75s3O3JaRoBkaqOCB0PzYwa5fwuA:0
[  199482ms] [ERROR] Failed to load resource: net::ERR_BLOCKED_BY_RESPONSE.NotSameOriginAfterDefaultedToSameOriginByCoep @ https://cs.media.net/cksync.php?cs=3&type=crt&ovsid=k-ly_kDAnnIS75s3O3JaRoBkaqOCCZqCSjt-wtcw:0
[  199550ms] [ERROR] Failed to load resource: net::ERR_BLOCKED_BY_RESPONSE.NotSameOriginAfterDefaultedToSameOriginByCoep @ https://idsync.rlcdn.com/362338.gif?partner_uid=k-ufLhbgnnIS75s3O3JaRoBkaqOCD4pZwhDlHnYQ:0
[  199635ms] [ERROR] Failed to load resource: net::ERR_BLOCKED_BY_RESPONSE.NotSameOriginAfterDefaultedToSameOriginByCoep @ https://act.ds.kakao.com/match?d=101&uid=k-KBvXAgnnIS75s3O3JaRoBkaqOCDnfYrZxlV8qA:0
[  199770ms] [ERROR] Failed to load resource: net::ERR_BLOCKED_BY_RESPONSE.NotSameOriginAfterDefaultedToSameOriginByCoep @ https://pixel.rubiconproject.com/tap.php?v=6434&nid=2149&put=k-OJtUugnnIS75s3O3JaRoBkaqOCAZmYvEoYyuXg&expires=30:0
[  199778ms] [ERROR] Failed to load resource: net::ERR_BLOCKED_BY_RESPONSE.NotSameOriginAfterDefaultedToSameOriginByCoep @ https://tg.socdm.com/aux/idsync?proto=criteo&dsp_uid=k-sUmjXQnnIS75s3O3JaRoBkaqOCAEf28spe_5Bg:0
[  200022ms] [ERROR] Failed to load resource: net::ERR_BLOCKED_BY_RESPONSE.NotSameOriginAfterDefaultedToSameOriginByCoep @ https://sync.outbrain.com/cookie-sync?p=criteo&uid=k--zoaQgnnIS75s3O3JaRoBkaqOCAp30_vUD4UjQ&initiator=partner:0
[  200309ms] [ERROR] Failed to load resource: net::ERR_BLOCKED_BY_RESPONSE.NotSameOriginAfterDefaultedToSameOriginByCoep @ https://ad.tpmn.co.kr/pixelCt.tpmn?tpmn_nid=26a681017b4fdc02f3aef3aa921ede3e&tpmn_buid=k-kmdgAwnnIS75s3O3JaRoBkaqOCA4GoAjf7Ln2Q:0
[  200335ms] [ERROR] Failed to load resource: net::ERR_BLOCKED_BY_RESPONSE.NotSameOriginAfterDefaultedToSameOriginByCoep @ https://c.bing.com/c.gif?Red3=CTOMS_pd&cbid=k-jf3IGwnnIS75s3O3JaRoBkaqOCBUkagHYM_Ieg:0
[  200383ms] [ERROR] Failed to load resource: net::ERR_BLOCKED_BY_RESPONSE.NotSameOriginAfterDefaultedToSameOriginByCoep @ https://gum.criteo.com/sync?c=9&r=1&a=1&u=https%3A%2F%2Faa.agkn.com%2Fadscores%2Fg.pixel%3Fsid%3D9212273938%26ct%3D%40USERID%40:0
[  200472ms] [ERROR] Failed to load resource: net::ERR_BLOCKED_BY_RESPONSE.NotSameOriginAfterDefaultedToSameOriginByCoep @ https://sync-t1.taboola.com/sg/criteortb-network/1/rtb-h/?taboola_hm=k-6kJ9UAnnIS75s3O3JaRoBkaqOCAG2FoQiEMtRg:0
[  200481ms] [ERROR] Failed to load resource: net::ERR_BLOCKED_BY_RESPONSE.NotSameOriginAfterDefaultedToSameOriginByCoep @ https://rtb-csync.smartadserver.com/redir/?partnerid=79&partneruserid=k-p9q5NwnnIS75s3O3JaRoBkaqOCCRQiU61OSGPw:0
[  200527ms] [ERROR] Failed to load resource: net::ERR_BLOCKED_BY_RESPONSE.NotSameOriginAfterDefaultedToSameOriginByCoep @ https://sync.1rx.io/usersync/criteodsp/k-YlIObQnnIS75s3O3JaRoBkaqOCBSOE61_gp0dw:0
[  239192ms] [ERROR] Attestation check for Attribution Reporting on https://www.facebook.com failed. @ https://item.gmarket.co.kr/Item?goodscode=2752723958:0
[  246684ms] [ERROR] Attestation check for Attribution Reporting on https://www.facebook.com failed. @ https://item.gmarket.co.kr/Item?goodscode=2752723958:0
[  254613ms] [ERROR] Attestation check for Attribution Reporting on https://www.facebook.com failed. @ https://item.gmarket.co.kr/Item?goodscode=2752723958:0
