[     498ms] [WARNING] Datadog Browser SDK: SDK is loaded more than once. This is unsupported and might have unexpected behavior. @ https://assets.ohou.se/store/_next/static/chunks/pages/_app-dba7d36481b0b16e.js:299
[     609ms] Uncaught Error: Minified React error #418; visit https://reactjs.org/docs/error-decoder.html?invariant=418 for the full message or use the non-minified dev environment for full errors and additional helpful warnings.
    at Eg (https://assets.ohou.se/store/_next/static/chunks/framework-d514426edf885c68.js:8:46427)
    at x (https://assets.ohou.se/store/_next/static/chunks/framework-d514426edf885c68.js:8:121087)
    at Uk (https://assets.ohou.se/store/_next/static/chunks/framework-d514426edf885c68.js:8:99084)
    at <anonymous> (https://assets.ohou.se/store/_next/static/chunks/framework-d514426edf885c68.js:8:98951)
    at Ik (https://assets.ohou.se/store/_next/static/chunks/framework-d514426edf885c68.js:8:98958)
    at Gk (https://assets.ohou.se/store/_next/static/chunks/framework-d514426edf885c68.js:8:94002)
    at J (https://assets.ohou.se/store/_next/static/chunks/framework-d514426edf885c68.js:32:1363)
    at R (https://assets.ohou.se/store/_next/static/chunks/framework-d514426edf885c68.js:32:1893)
[     610ms] Uncaught Error: Minified React error #418; visit https://reactjs.org/docs/error-decoder.html?invariant=418 for the full message or use the non-minified dev environment for full errors and additional helpful warnings.
    at Eg (https://assets.ohou.se/store/_next/static/chunks/framework-d514426edf885c68.js:8:46427)
    at x (https://assets.ohou.se/store/_next/static/chunks/framework-d514426edf885c68.js:8:121087)
    at Uk (https://assets.ohou.se/store/_next/static/chunks/framework-d514426edf885c68.js:8:99084)
    at <anonymous> (https://assets.ohou.se/store/_next/static/chunks/framework-d514426edf885c68.js:8:98951)
    at Ik (https://assets.ohou.se/store/_next/static/chunks/framework-d514426edf885c68.js:8:98958)
    at Gk (https://assets.ohou.se/store/_next/static/chunks/framework-d514426edf885c68.js:8:94002)
    at J (https://assets.ohou.se/store/_next/static/chunks/framework-d514426edf885c68.js:32:1363)
    at R (https://assets.ohou.se/store/_next/static/chunks/framework-d514426edf885c68.js:32:1893)
[     611ms] Uncaught Error: Minified React error #423; visit https://reactjs.org/docs/error-decoder.html?invariant=423 for the full message or use the non-minified dev environment for full errors and additional helpful warnings.
    at x (https://assets.ohou.se/store/_next/static/chunks/framework-d514426edf885c68.js:8:120756)
    at Uk (https://assets.ohou.se/store/_next/static/chunks/framework-d514426edf885c68.js:8:99084)
    at <anonymous> (https://assets.ohou.se/store/_next/static/chunks/framework-d514426edf885c68.js:8:98951)
    at Ik (https://assets.ohou.se/store/_next/static/chunks/framework-d514426edf885c68.js:8:98958)
    at Nk (https://assets.ohou.se/store/_next/static/chunks/framework-d514426edf885c68.js:8:95714)
    at Gk (https://assets.ohou.se/store/_next/static/chunks/framework-d514426edf885c68.js:8:94270)
    at J (https://assets.ohou.se/store/_next/static/chunks/framework-d514426edf885c68.js:32:1363)
    at R (https://assets.ohou.se/store/_next/static/chunks/framework-d514426edf885c68.js:32:1893)
[    2826ms] [ERROR] Attestation check for Attribution Reporting on https://www.facebook.com failed. @ https://store.ohou.se/deliveries/320509315?type=ORDER&targetOptionId=636958612&token=92719cf1ddf60c6f41806b4ab0aaa869d545b412:0
